This file contains any messages produced by compilers while
running configure, to aid debugging if configure makes a mistake.

It was created by pomdp-solve configure 5.4, which was
generated by GNU Autoconf 2.69.  Invocation command line was

  $ ../configure 

## --------- ##
## Platform. ##
## --------- ##

hostname = zyk
uname -m = x86_64
uname -r = 5.13.0-39-generic
uname -s = Linux
uname -v = #44~20.04.1-Ubuntu SMP Thu Mar 24 16:43:35 UTC 2022

/usr/bin/uname -p = x86_64
/bin/uname -X     = unknown

/bin/arch              = x86_64
/usr/bin/arch -k       = unknown
/usr/convex/getsysinfo = unknown
/usr/bin/hostinfo      = unknown
/bin/machine           = unknown
/usr/bin/oslevel       = unknown
/bin/universe          = unknown

PATH: /opt/ros/noetic/bin
PATH: /home/zyk/anaconda3/condabin
PATH: /home/zyk/.local/bin
PATH: /usr/local/sbin
PATH: /usr/local/bin
PATH: /usr/sbin
PATH: /usr/bin
PATH: /sbin
PATH: /bin
PATH: /usr/games
PATH: /usr/local/games
PATH: /snap/bin


## ----------- ##
## Core tests. ##
## ----------- ##

configure:2264: checking for a BSD-compatible install
configure:2332: result: /usr/bin/install -c
configure:2343: checking whether build environment is sane
configure:2398: result: yes
configure:2547: checking for a thread-safe mkdir -p
configure:2586: result: /usr/bin/mkdir -p
configure:2593: checking for gawk
configure:2623: result: no
configure:2593: checking for mawk
configure:2609: found /usr/bin/mawk
configure:2620: result: mawk
configure:2631: checking whether make sets $(MAKE)
configure:2653: result: yes
configure:2682: checking whether make supports nested variables
configure:2699: result: yes
configure:2920: checking for bison
configure:2950: result: no
configure:2920: checking for byacc
configure:2950: result: no
configure:3007: checking for gcc
configure:3023: found /usr/bin/gcc
configure:3034: result: gcc
configure:3263: checking for C compiler version
configure:3272: gcc --version >&5
gcc (Ubuntu 9.4.0-1ubuntu1~20.04.1) 9.4.0
Copyright (C) 2019 Free Software Foundation, Inc.
This is free software; see the source for copying conditions.  There is NO
warranty; not even for MERCHANTABILITY or FITNESS FOR A PARTICULAR PURPOSE.

configure:3283: $? = 0
configure:3272: gcc -v >&5
Using built-in specs.
COLLECT_GCC=gcc
COLLECT_LTO_WRAPPER=/usr/lib/gcc/x86_64-linux-gnu/9/lto-wrapper
OFFLOAD_TARGET_NAMES=nvptx-none:hsa
OFFLOAD_TARGET_DEFAULT=1
Target: x86_64-linux-gnu
Configured with: ../src/configure -v --with-pkgversion='Ubuntu 9.4.0-1ubuntu1~20.04.1' --with-bugurl=file:///usr/share/doc/gcc-9/README.Bugs --enable-languages=c,ada,c++,go,brig,d,fortran,objc,obj-c++,gm2 --prefix=/usr --with-gcc-major-version-only --program-suffix=-9 --program-prefix=x86_64-linux-gnu- --enable-shared --enable-linker-build-id --libexecdir=/usr/lib --without-included-gettext --enable-threads=posix --libdir=/usr/lib --enable-nls --enable-clocale=gnu --enable-libstdcxx-debug --enable-libstdcxx-time=yes --with-default-libstdcxx-abi=new --enable-gnu-unique-object --disable-vtable-verify --enable-plugin --enable-default-pie --with-system-zlib --with-target-system-zlib=auto --enable-objc-gc=auto --enable-multiarch --disable-werror --with-arch-32=i686 --with-abi=m64 --with-multilib-list=m32,m64,mx32 --enable-multilib --with-tune=generic --enable-offload-targets=nvptx-none=/build/gcc-9-Av3uEd/gcc-9-9.4.0/debian/tmp-nvptx/usr,hsa --without-cuda-driver --enable-checking=release --build=x86_64-linux-gnu --host=x86_64-linux-gnu --target=x86_64-linux-gnu
Thread model: posix
gcc version 9.4.0 (Ubuntu 9.4.0-1ubuntu1~20.04.1) 
configure:3283: $? = 0
configure:3272: gcc -V >&5
gcc: error: unrecognized command line option '-V'
gcc: fatal error: no input files
compilation terminated.
configure:3283: $? = 1
configure:3272: gcc -qversion >&5
gcc: error: unrecognized command line option '-qversion'; did you mean '--version'?
gcc: fatal error: no input files
compilation terminated.
configure:3283: $? = 1
configure:3303: checking whether the C compiler works
configure:3325: gcc    conftest.c  >&5
configure:3329: $? = 0
configure:3377: result: yes
configure:3380: checking for C compiler default output file name
configure:3382: result: a.out
configure:3388: checking for suffix of executables
configure:3395: gcc -o conftest    conftest.c  >&5
configure:3399: $? = 0
configure:3421: result: 
configure:3443: checking whether we are cross compiling
configure:3451: gcc -o conftest    conftest.c  >&5
configure:3455: $? = 0
configure:3462: ./conftest
configure:3466: $? = 0
configure:3454: result: no
configure:3459: checking for suffix of object files
configure:3481: gcc -c   conftest.c >&5
configure:3485: $? = 0
configure:3506: result: o
configure:3510: checking whether we are using the GNU C compiler
configure:3529: gcc -c   conftest.c >&5
configure:3529: $? = 0
configure:3538: result: yes
configure:3547: checking whether gcc accepts -g
configure:3567: gcc -c -g  conftest.c >&5
configure:3567: $? = 0
configure:3608: result: yes
configure:3625: checking for gcc option to accept ISO C89
configure:3688: gcc  -c -g -O2  conftest.c >&5
configure:3688: $? = 0
configure:3701: result: none needed
configure:3726: checking whether gcc understands -c and -o together
configure:3748: gcc -c conftest.c -o conftest2.o
configure:3751: $? = 0
configure:3748: gcc -c conftest.c -o conftest2.o
configure:3751: $? = 0
configure:3763: result: yes
configure:3791: checking for style of include used by make
configure:3819: result: GNU
configure:3845: checking dependency style of gcc
configure:3956: result: gcc3
configure:3976: checking for flex
configure:4006: result: no
configure:3976: checking for lex
configure:4006: result: no
configure:4177: checking for ranlib
configure:4193: found /usr/bin/ranlib
configure:4204: result: ranlib
configure:4229: checking for main in -lcplex
configure:4248: gcc -o conftest -g -O2   conftest.c -lcplex   >&5
/usr/bin/ld: cannot find -lcplex
collect2: error: ld returned 1 exit status
configure:4248: $? = 1
configure: failed program was:
| /* confdefs.h */
| #define PACKAGE_NAME "pomdp-solve"
| #define PACKAGE_TARNAME "pomdp-solve"
| #define PACKAGE_VERSION "5.4"
| #define PACKAGE_STRING "pomdp-solve 5.4"
| #define PACKAGE_BUGREPORT "arc@cassandra.org"
| #define PACKAGE_URL ""
| #define PACKAGE "pomdp-solve"
| #define VERSION "5.4"
| /* end confdefs.h.  */
| 
| 
| int
| main ()
| {
| return main ();
|   ;
|   return 0;
| }
configure:4257: result: no
configure:4269: checking for main in -lm
configure:4288: gcc -o conftest -g -O2   conftest.c -lm   >&5
configure:4288: $? = 0
configure:4297: result: yes
configure:4315: checking how to run the C preprocessor
configure:4346: gcc -E  conftest.c
configure:4346: $? = 0
configure:4360: gcc -E  conftest.c
conftest.c:12:10: fatal error: ac_nonexistent.h: No such file or directory
   12 | #include <ac_nonexistent.h>
      |          ^~~~~~~~~~~~~~~~~~
compilation terminated.
configure:4360: $? = 1
configure: failed program was:
| /* confdefs.h */
| #define PACKAGE_NAME "pomdp-solve"
| #define PACKAGE_TARNAME "pomdp-solve"
| #define PACKAGE_VERSION "5.4"
| #define PACKAGE_STRING "pomdp-solve 5.4"
| #define PACKAGE_BUGREPORT "arc@cassandra.org"
| #define PACKAGE_URL ""
| #define PACKAGE "pomdp-solve"
| #define VERSION "5.4"
| #define HAVE_LIBM 1
| /* end confdefs.h.  */
| #include <ac_nonexistent.h>
configure:4385: result: gcc -E
configure:4405: gcc -E  conftest.c
configure:4405: $? = 0
configure:4419: gcc -E  conftest.c
conftest.c:12:10: fatal error: ac_nonexistent.h: No such file or directory
   12 | #include <ac_nonexistent.h>
      |          ^~~~~~~~~~~~~~~~~~
compilation terminated.
configure:4419: $? = 1
configure: failed program was:
| /* confdefs.h */
| #define PACKAGE_NAME "pomdp-solve"
| #define PACKAGE_TARNAME "pomdp-solve"
| #define PACKAGE_VERSION "5.4"
| #define PACKAGE_STRING "pomdp-solve 5.4"
| #define PACKAGE_BUGREPORT "arc@cassandra.org"
| #define PACKAGE_URL ""
| #define PACKAGE "pomdp-solve"
| #define VERSION "5.4"
| #define HAVE_LIBM 1
| /* end confdefs.h.  */
| #include <ac_nonexistent.h>
configure:4448: checking for grep that handles long lines and -e
configure:4506: result: /usr/bin/grep
configure:4511: checking for egrep
configure:4573: result: /usr/bin/grep -E
configure:4578: checking for ANSI C header files
configure:4598: gcc -c -g -O2  conftest.c >&5
configure:4598: $? = 0
configure:4671: gcc -o conftest -g -O2   conftest.c -lm  >&5
configure:4671: $? = 0
configure:4671: ./conftest
configure:4671: $? = 0
configure:4682: result: yes
configure:4695: checking for sys/types.h
configure:4695: gcc -c -g -O2  conftest.c >&5
configure:4695: $? = 0
configure:4695: result: yes
configure:4695: checking for sys/stat.h
configure:4695: gcc -c -g -O2  conftest.c >&5
configure:4695: $? = 0
configure:4695: result: yes
configure:4695: checking for stdlib.h
configure:4695: gcc -c -g -O2  conftest.c >&5
configure:4695: $? = 0
configure:4695: result: yes
configure:4695: checking for string.h
configure:4695: gcc -c -g -O2  conftest.c >&5
configure:4695: $? = 0
configure:4695: result: yes
configure:4695: checking for memory.h
configure:4695: gcc -c -g -O2  conftest.c >&5
configure:4695: $? = 0
configure:4695: result: yes
configure:4695: checking for strings.h
configure:4695: gcc -c -g -O2  conftest.c >&5
configure:4695: $? = 0
configure:4695: result: yes
configure:4695: checking for inttypes.h
configure:4695: gcc -c -g -O2  conftest.c >&5
configure:4695: $? = 0
configure:4695: result: yes
configure:4695: checking for stdint.h
configure:4695: gcc -c -g -O2  conftest.c >&5
configure:4695: $? = 0
configure:4695: result: yes
configure:4695: checking for unistd.h
configure:4695: gcc -c -g -O2  conftest.c >&5
configure:4695: $? = 0
configure:4695: result: yes
configure:4710: checking float.h usability
configure:4710: gcc -c -g -O2  conftest.c >&5
configure:4710: $? = 0
configure:4710: result: yes
configure:4710: checking float.h presence
configure:4710: gcc -E  conftest.c
configure:4710: $? = 0
configure:4710: result: yes
configure:4710: checking for float.h
configure:4710: result: yes
configure:4710: checking limits.h usability
configure:4710: gcc -c -g -O2  conftest.c >&5
configure:4710: $? = 0
configure:4710: result: yes
configure:4710: checking limits.h presence
configure:4710: gcc -E  conftest.c
configure:4710: $? = 0
configure:4710: result: yes
configure:4710: checking for limits.h
configure:4710: result: yes
configure:4710: checking stddef.h usability
configure:4710: gcc -c -g -O2  conftest.c >&5
configure:4710: $? = 0
configure:4710: result: yes
configure:4710: checking stddef.h presence
configure:4710: gcc -E  conftest.c
configure:4710: $? = 0
configure:4710: result: yes
configure:4710: checking for stddef.h
configure:4710: result: yes
configure:4710: checking for stdlib.h
configure:4710: result: yes
configure:4710: checking for string.h
configure:4710: result: yes
configure:4710: checking sys/time.h usability
configure:4710: gcc -c -g -O2  conftest.c >&5
configure:4710: $? = 0
configure:4710: result: yes
configure:4710: checking sys/time.h presence
configure:4710: gcc -E  conftest.c
configure:4710: $? = 0
configure:4710: result: yes
configure:4710: checking for sys/time.h
configure:4710: result: yes
configure:4710: checking for unistd.h
configure:4710: result: yes
configure:4722: checking for an ANSI C-conforming const
configure:4788: gcc -c -g -O2  conftest.c >&5
configure:4788: $? = 0
configure:4795: result: yes
configure:4803: checking for size_t
configure:4803: gcc -c -g -O2  conftest.c >&5
configure:4803: $? = 0
configure:4803: gcc -c -g -O2  conftest.c >&5
conftest.c: In function 'main':
conftest.c:65:21: error: expected expression before ')' token
   65 | if (sizeof ((size_t)))
      |                     ^
configure:4803: $? = 1
configure: failed program was:
| /* confdefs.h */
| #define PACKAGE_NAME "pomdp-solve"
| #define PACKAGE_TARNAME "pomdp-solve"
| #define PACKAGE_VERSION "5.4"
| #define PACKAGE_STRING "pomdp-solve 5.4"
| #define PACKAGE_BUGREPORT "arc@cassandra.org"
| #define PACKAGE_URL ""
| #define PACKAGE "pomdp-solve"
| #define VERSION "5.4"
| #define HAVE_LIBM 1
| #define STDC_HEADERS 1
| #define HAVE_SYS_TYPES_H 1
| #define HAVE_SYS_STAT_H 1
| #define HAVE_STDLIB_H 1
| #define HAVE_STRING_H 1
| #define HAVE_MEMORY_H 1
| #define HAVE_STRINGS_H 1
| #define HAVE_INTTYPES_H 1
| #define HAVE_STDINT_H 1
| #define HAVE_UNISTD_H 1
| #define HAVE_FLOAT_H 1
| #define HAVE_LIMITS_H 1
| #define HAVE_STDDEF_H 1
| #define HAVE_STDLIB_H 1
| #define HAVE_STRING_H 1
| #define HAVE_SYS_TIME_H 1
| #define HAVE_UNISTD_H 1
| /* end confdefs.h.  */
| #include <stdio.h>
| #ifdef HAVE_SYS_TYPES_H
| # include <sys/types.h>
| #endif
| #ifdef HAVE_SYS_STAT_H
| # include <sys/stat.h>
| #endif
| #ifdef STDC_HEADERS
| # include <stdlib.h>
| # include <stddef.h>
| #else
| # ifdef HAVE_STDLIB_H
| #  include <stdlib.h>
| # endif
| #endif
| #ifdef HAVE_STRING_H
| # if !defined STDC_HEADERS && defined HAVE_MEMORY_H
| #  include <memory.h>
| # endif
| # include <string.h>
| #endif
| #ifdef HAVE_STRINGS_H
| # include <strings.h>
| #endif
| #ifdef HAVE_INTTYPES_H
| # include <inttypes.h>
| #endif
| #ifdef HAVE_STDINT_H
| # include <stdint.h>
| #endif
| #ifdef HAVE_UNISTD_H
| # include <unistd.h>
| #endif
| int
| main ()
| {
| if (sizeof ((size_t)))
| 	    return 0;
|   ;
|   return 0;
| }
configure:4803: result: yes
configure:4814: checking whether time.h and sys/time.h may both be included
configure:4834: gcc -c -g -O2  conftest.c >&5
configure:4834: $? = 0
configure:4841: result: yes
configure:4851: checking for error_at_line
configure:4867: gcc -o conftest -g -O2   conftest.c -lm  >&5
configure:4867: $? = 0
configure:4875: result: yes
configure:4888: checking for stdlib.h
configure:4888: result: yes
configure:4898: checking for GNU libc compatible malloc
configure:4922: gcc -o conftest -g -O2   conftest.c -lm  >&5
configure:4922: $? = 0
configure:4922: ./conftest
configure:4922: $? = 0
configure:4932: result: yes
configure:4955: checking for stdlib.h
configure:4955: result: yes
configure:4965: checking for GNU libc compatible realloc
configure:4989: gcc -o conftest -g -O2   conftest.c -lm  >&5
configure:4989: $? = 0
configure:4989: ./conftest
configure:4989: $? = 0
configure:4999: result: yes
configure:5020: checking return type of signal handlers
configure:5038: gcc -c -g -O2  conftest.c >&5
conftest.c: In function 'main':
conftest.c:40:10: error: void value not ignored as it ought to be
   40 | return *(signal (0, 0)) (0) == 1;
      |         ~^~~~~~~~~~~~~~~~~~
configure:5038: $? = 1
configure: failed program was:
| /* confdefs.h */
| #define PACKAGE_NAME "pomdp-solve"
| #define PACKAGE_TARNAME "pomdp-solve"
| #define PACKAGE_VERSION "5.4"
| #define PACKAGE_STRING "pomdp-solve 5.4"
| #define PACKAGE_BUGREPORT "arc@cassandra.org"
| #define PACKAGE_URL ""
| #define PACKAGE "pomdp-solve"
| #define VERSION "5.4"
| #define HAVE_LIBM 1
| #define STDC_HEADERS 1
| #define HAVE_SYS_TYPES_H 1
| #define HAVE_SYS_STAT_H 1
| #define HAVE_STDLIB_H 1
| #define HAVE_STRING_H 1
| #define HAVE_MEMORY_H 1
| #define HAVE_STRINGS_H 1
| #define HAVE_INTTYPES_H 1
| #define HAVE_STDINT_H 1
| #define HAVE_UNISTD_H 1
| #define HAVE_FLOAT_H 1
| #define HAVE_LIMITS_H 1
| #define HAVE_STDDEF_H 1
| #define HAVE_STDLIB_H 1
| #define HAVE_STRING_H 1
| #define HAVE_SYS_TIME_H 1
| #define HAVE_UNISTD_H 1
| #define TIME_WITH_SYS_TIME 1
| #define HAVE_STDLIB_H 1
| #define HAVE_MALLOC 1
| #define HAVE_STDLIB_H 1
| #define HAVE_REALLOC 1
| /* end confdefs.h.  */
| #include <sys/types.h>
| #include <signal.h>
| 
| int
| main ()
| {
| return *(signal (0, 0)) (0) == 1;
|   ;
|   return 0;
| }
configure:5045: result: void
configure:5053: checking for working strtod
configure:5094: gcc -o conftest -g -O2   conftest.c -lm  >&5
configure:5094: $? = 0
configure:5094: ./conftest
configure:5094: $? = 0
configure:5104: result: yes
configure:5168: checking for vprintf
configure:5168: gcc -o conftest -g -O2   conftest.c -lm  >&5
conftest.c:58:6: warning: conflicting types for built-in function 'vprintf'; expected 'int(const char *, __va_list_tag *)' [-Wbuiltin-declaration-mismatch]
   58 | char vprintf ();
      |      ^~~~~~~
conftest.c:46:1: note: 'vprintf' is declared in header '<stdio.h>'
   45 | # include <limits.h>
   46 | #else
configure:5168: $? = 0
configure:5168: result: yes
configure:5174: checking for _doprnt
configure:5174: gcc -o conftest -g -O2   conftest.c -lm  >&5
/usr/bin/ld: /tmp/ccdijAMT.o: in function `main':
/home/zyk/0career/3project/POMDP/pomdp-solver/pomdp-solve-5.4/build/conftest.c:70: undefined reference to `_doprnt'
collect2: error: ld returned 1 exit status
configure:5174: $? = 1
configure: failed program was:
| /* confdefs.h */
| #define PACKAGE_NAME "pomdp-solve"
| #define PACKAGE_TARNAME "pomdp-solve"
| #define PACKAGE_VERSION "5.4"
| #define PACKAGE_STRING "pomdp-solve 5.4"
| #define PACKAGE_BUGREPORT "arc@cassandra.org"
| #define PACKAGE_URL ""
| #define PACKAGE "pomdp-solve"
| #define VERSION "5.4"
| #define HAVE_LIBM 1
| #define STDC_HEADERS 1
| #define HAVE_SYS_TYPES_H 1
| #define HAVE_SYS_STAT_H 1
| #define HAVE_STDLIB_H 1
| #define HAVE_STRING_H 1
| #define HAVE_MEMORY_H 1
| #define HAVE_STRINGS_H 1
| #define HAVE_INTTYPES_H 1
| #define HAVE_STDINT_H 1
| #define HAVE_UNISTD_H 1
| #define HAVE_FLOAT_H 1
| #define HAVE_LIMITS_H 1
| #define HAVE_STDDEF_H 1
| #define HAVE_STDLIB_H 1
| #define HAVE_STRING_H 1
| #define HAVE_SYS_TIME_H 1
| #define HAVE_UNISTD_H 1
| #define TIME_WITH_SYS_TIME 1
| #define HAVE_STDLIB_H 1
| #define HAVE_MALLOC 1
| #define HAVE_STDLIB_H 1
| #define HAVE_REALLOC 1
| #define RETSIGTYPE void
| #define HAVE_VPRINTF 1
| /* end confdefs.h.  */
| /* Define _doprnt to an innocuous variant, in case <limits.h> declares _doprnt.
|    For example, HP-UX 11i <limits.h> declares gettimeofday.  */
| #define _doprnt innocuous__doprnt
| 
| /* System header to define __stub macros and hopefully few prototypes,
|     which can conflict with char _doprnt (); below.
|     Prefer <limits.h> to <assert.h> if __STDC__ is defined, since
|     <limits.h> exists even on freestanding compilers.  */
| 
| #ifdef __STDC__
| # include <limits.h>
| #else
| # include <assert.h>
| #endif
| 
| #undef _doprnt
| 
| /* Override any GCC internal prototype to avoid an error.
|    Use char because int might match the return type of a GCC
|    builtin and then its argument prototype would still apply.  */
| #ifdef __cplusplus
| extern "C"
| #endif
| char _doprnt ();
| /* The GNU C library defines this for functions which it implements
|     to always fail with ENOSYS.  Some functions are actually named
|     something starting with __ and the normal name is an alias.  */
| #if defined __stub__doprnt || defined __stub____doprnt
| choke me
| #endif
| 
| int
| main ()
| {
| return _doprnt ();
|   ;
|   return 0;
| }
configure:5174: result: no
configure:5188: checking for bzero
configure:5188: gcc -o conftest -g -O2   conftest.c -lm  >&5
conftest.c:59:6: warning: conflicting types for built-in function 'bzero'; expected 'void(void *, long unsigned int)' [-Wbuiltin-declaration-mismatch]
   59 | char bzero ();
      |      ^~~~~
configure:5188: $? = 0
configure:5188: result: yes
configure:5188: checking for floor
configure:5188: gcc -o conftest -g -O2   conftest.c -lm  >&5
conftest.c:60:6: warning: conflicting types for built-in function 'floor'; expected 'double(double)' [-Wbuiltin-declaration-mismatch]
   60 | char floor ();
      |      ^~~~~
conftest.c:48:1: note: 'floor' is declared in header '<math.h>'
   47 | # include <limits.h>
   48 | #else
configure:5188: $? = 0
configure:5188: result: yes
configure:5188: checking for gettimeofday
configure:5188: gcc -o conftest -g -O2   conftest.c -lm  >&5
configure:5188: $? = 0
configure:5188: result: yes
configure:5188: checking for memset
configure:5188: gcc -o conftest -g -O2   conftest.c -lm  >&5
conftest.c:62:6: warning: conflicting types for built-in function 'memset'; expected 'void *(void *, int,  long unsigned int)' [-Wbuiltin-declaration-mismatch]
   62 | char memset ();
      |      ^~~~~~
conftest.c:50:1: note: 'memset' is declared in header '<string.h>'
   49 | # include <limits.h>
   50 | #else
configure:5188: $? = 0
configure:5188: result: yes
configure:5188: checking for pow
configure:5188: gcc -o conftest -g -O2   conftest.c -lm  >&5
conftest.c:63:6: warning: conflicting types for built-in function 'pow'; expected 'double(double,  double)' [-Wbuiltin-declaration-mismatch]
   63 | char pow ();
      |      ^~~
conftest.c:51:1: note: 'pow' is declared in header '<math.h>'
   50 | # include <limits.h>
   51 | #else
configure:5188: $? = 0
configure:5188: result: yes
configure:5188: checking for sqrt
configure:5188: gcc -o conftest -g -O2   conftest.c -lm  >&5
conftest.c:64:6: warning: conflicting types for built-in function 'sqrt'; expected 'double(double)' [-Wbuiltin-declaration-mismatch]
   64 | char sqrt ();
      |      ^~~~
conftest.c:52:1: note: 'sqrt' is declared in header '<math.h>'
   51 | # include <limits.h>
   52 | #else
configure:5188: $? = 0
configure:5188: result: yes
configure:5188: checking for strstr
configure:5188: gcc -o conftest -g -O2   conftest.c -lm  >&5
conftest.c:65:6: warning: conflicting types for built-in function 'strstr'; expected 'char *(const char *, const char *)' [-Wbuiltin-declaration-mismatch]
   65 | char strstr ();
      |      ^~~~~~
conftest.c:53:1: note: 'strstr' is declared in header '<string.h>'
   52 | # include <limits.h>
   53 | #else
configure:5188: $? = 0
configure:5188: result: yes
configure:5300: checking that generated files are newer than configure
configure:5306: result: done
configure:5353: creating ./config.status

## ---------------------- ##
## Running config.status. ##
## ---------------------- ##

This file was extended by pomdp-solve config.status 5.4, which was
generated by GNU Autoconf 2.69.  Invocation command line was

  CONFIG_FILES    = 
  CONFIG_HEADERS  = 
  CONFIG_LINKS    = 
  CONFIG_COMMANDS = 
  $ ./config.status 

on zyk

config.status:888: creating Makefile
config.status:888: creating src/Makefile
config.status:888: creating src/mdp/Makefile
config.status:888: creating src/lp-solve/Makefile
config.status:888: creating src/laspack/Makefile
config.status:888: creating testing/Makefile
config.status:888: creating config.h
config.status:1102: executing depfiles commands

## ---------------- ##
## Cache variables. ##
## ---------------- ##

ac_cv_c_compiler_gnu=yes
ac_cv_c_const=yes
ac_cv_env_CC_set=
ac_cv_env_CC_value=
ac_cv_env_CFLAGS_set=
ac_cv_env_CFLAGS_value=
ac_cv_env_CPPFLAGS_set=
ac_cv_env_CPPFLAGS_value=
ac_cv_env_CPP_set=
ac_cv_env_CPP_value=
ac_cv_env_LDFLAGS_set=
ac_cv_env_LDFLAGS_value=
ac_cv_env_LIBS_set=
ac_cv_env_LIBS_value=
ac_cv_env_YACC_set=
ac_cv_env_YACC_value=
ac_cv_env_YFLAGS_set=
ac_cv_env_YFLAGS_value=
ac_cv_env_build_alias_set=
ac_cv_env_build_alias_value=
ac_cv_env_host_alias_set=
ac_cv_env_host_alias_value=
ac_cv_env_target_alias_set=
ac_cv_env_target_alias_value=
ac_cv_func__doprnt=no
ac_cv_func_bzero=yes
ac_cv_func_floor=yes
ac_cv_func_gettimeofday=yes
ac_cv_func_malloc_0_nonnull=yes
ac_cv_func_memset=yes
ac_cv_func_pow=yes
ac_cv_func_realloc_0_nonnull=yes
ac_cv_func_sqrt=yes
ac_cv_func_strstr=yes
ac_cv_func_strtod=yes
ac_cv_func_vprintf=yes
ac_cv_header_float_h=yes
ac_cv_header_inttypes_h=yes
ac_cv_header_limits_h=yes
ac_cv_header_memory_h=yes
ac_cv_header_stdc=yes
ac_cv_header_stddef_h=yes
ac_cv_header_stdint_h=yes
ac_cv_header_stdlib_h=yes
ac_cv_header_string_h=yes
ac_cv_header_strings_h=yes
ac_cv_header_sys_stat_h=yes
ac_cv_header_sys_time_h=yes
ac_cv_header_sys_types_h=yes
ac_cv_header_time=yes
ac_cv_header_unistd_h=yes
ac_cv_lib_cplex_main=no
ac_cv_lib_error_at_line=yes
ac_cv_lib_m_main=yes
ac_cv_objext=o
ac_cv_path_EGREP='/usr/bin/grep -E'
ac_cv_path_GREP=/usr/bin/grep
ac_cv_path_install='/usr/bin/install -c'
ac_cv_path_mkdir=/usr/bin/mkdir
ac_cv_prog_AWK=mawk
ac_cv_prog_CPP='gcc -E'
ac_cv_prog_ac_ct_CC=gcc
ac_cv_prog_ac_ct_RANLIB=ranlib
ac_cv_prog_cc_c89=
ac_cv_prog_cc_g=yes
ac_cv_prog_make_make_set=yes
ac_cv_type_signal=void
ac_cv_type_size_t=yes
am_cv_CC_dependencies_compiler_type=gcc3
am_cv_make_support_nested_variables=yes
am_cv_prog_cc_c_o=yes

## ----------------- ##
## Output variables. ##
## ----------------- ##

ACLOCAL='${SHELL} /home/zyk/0career/3project/POMDP/pomdp-solver/pomdp-solve-5.4/missing aclocal-1.14'
AMDEPBACKSLASH='\'
AMDEP_FALSE='#'
AMDEP_TRUE=''
AMTAR='$${TAR-tar}'
AM_BACKSLASH='\'
AM_DEFAULT_V='$(AM_DEFAULT_VERBOSITY)'
AM_DEFAULT_VERBOSITY='1'
AM_V='$(V)'
AUTOCONF='${SHELL} /home/zyk/0career/3project/POMDP/pomdp-solver/pomdp-solve-5.4/missing autoconf'
AUTOHEADER='${SHELL} /home/zyk/0career/3project/POMDP/pomdp-solver/pomdp-solve-5.4/missing autoheader'
AUTOMAKE='${SHELL} /home/zyk/0career/3project/POMDP/pomdp-solver/pomdp-solve-5.4/missing automake-1.14'
AWK='mawk'
CC='gcc'
CCDEPMODE='depmode=gcc3'
CFLAGS='-g -O2'
CPP='gcc -E'
CPPFLAGS=''
CYGPATH_W='echo'
DEBUG_FALSE=''
DEBUG_TRUE='#'
DEFS='-DHAVE_CONFIG_H'
DEPDIR='.deps'
DMALLOC_FALSE=''
DMALLOC_TRUE='#'
ECHO_C=''
ECHO_N='-n'
ECHO_T=''
EGREP='/usr/bin/grep -E'
EXEEXT=''
GREP='/usr/bin/grep'
INSTALL_DATA='${INSTALL} -m 644'
INSTALL_PROGRAM='${INSTALL}'
INSTALL_SCRIPT='${INSTALL}'
INSTALL_STRIP_PROGRAM='$(install_sh) -c -s'
LDFLAGS=''
LEX='${SHELL} /home/zyk/0career/3project/POMDP/pomdp-solver/pomdp-solve-5.4/missing flex'
LEXLIB=''
LEX_OUTPUT_ROOT=''
LIBOBJS=''
LIBS='-lm '
LTLIBOBJS=''
MAKEINFO='${SHELL} /home/zyk/0career/3project/POMDP/pomdp-solver/pomdp-solve-5.4/missing makeinfo'
MKDIR_P='/usr/bin/mkdir -p'
OBJEXT='o'
PACKAGE='pomdp-solve'
PACKAGE_BUGREPORT='arc@cassandra.org'
PACKAGE_NAME='pomdp-solve'
PACKAGE_STRING='pomdp-solve 5.4'
PACKAGE_TARNAME='pomdp-solve'
PACKAGE_URL=''
PACKAGE_VERSION='5.4'
PATH_SEPARATOR=':'
POW_LIB=''
PROFILE_FALSE=''
PROFILE_TRUE='#'
RANLIB='ranlib'
SET_MAKE=''
SHELL='/bin/bash'
STRIP=''
VERSION='5.4'
YACC='yacc'
YFLAGS=''
ac_ct_CC='gcc'
am__EXEEXT_FALSE=''
am__EXEEXT_TRUE='#'
am__fastdepCC_FALSE='#'
am__fastdepCC_TRUE=''
am__include='include'
am__isrc=' -I$(srcdir)'
am__leading_dot='.'
am__nodep='_no'
am__quote=''
am__tar='$${TAR-tar} chof - "$$tardir"'
am__untar='$${TAR-tar} xf -'
bindir='${exec_prefix}/bin'
build_alias=''
datadir='${datarootdir}'
datarootdir='${prefix}/share'
docdir='${datarootdir}/doc/${PACKAGE_TARNAME}'
dvidir='${docdir}'
exec_prefix='${prefix}'
host_alias=''
htmldir='${docdir}'
includedir='${prefix}/include'
infodir='${datarootdir}/info'
install_sh='${SHELL} /home/zyk/0career/3project/POMDP/pomdp-solver/pomdp-solve-5.4/install-sh'
libdir='${exec_prefix}/lib'
libexecdir='${exec_prefix}/libexec'
localedir='${datarootdir}/locale'
localstatedir='${prefix}/var'
mandir='${datarootdir}/man'
mkdir_p='$(MKDIR_P)'
oldincludedir='/usr/include'
pdfdir='${docdir}'
prefix='/usr/local'
program_transform_name='s,x,x,'
psdir='${docdir}'
sbindir='${exec_prefix}/sbin'
sharedstatedir='${prefix}/com'
sysconfdir='${prefix}/etc'
target_alias=''

## ----------- ##
## confdefs.h. ##
## ----------- ##

/* confdefs.h */
#define PACKAGE_NAME "pomdp-solve"
#define PACKAGE_TARNAME "pomdp-solve"
#define PACKAGE_VERSION "5.4"
#define PACKAGE_STRING "pomdp-solve 5.4"
#define PACKAGE_BUGREPORT "arc@cassandra.org"
#define PACKAGE_URL ""
#define PACKAGE "pomdp-solve"
#define VERSION "5.4"
#define HAVE_LIBM 1
#define STDC_HEADERS 1
#define HAVE_SYS_TYPES_H 1
#define HAVE_SYS_STAT_H 1
#define HAVE_STDLIB_H 1
#define HAVE_STRING_H 1
#define HAVE_MEMORY_H 1
#define HAVE_STRINGS_H 1
#define HAVE_INTTYPES_H 1
#define HAVE_STDINT_H 1
#define HAVE_UNISTD_H 1
#define HAVE_FLOAT_H 1
#define HAVE_LIMITS_H 1
#define HAVE_STDDEF_H 1
#define HAVE_STDLIB_H 1
#define HAVE_STRING_H 1
#define HAVE_SYS_TIME_H 1
#define HAVE_UNISTD_H 1
#define TIME_WITH_SYS_TIME 1
#define HAVE_STDLIB_H 1
#define HAVE_MALLOC 1
#define HAVE_STDLIB_H 1
#define HAVE_REALLOC 1
#define RETSIGTYPE void
#define HAVE_VPRINTF 1
#define HAVE_BZERO 1
#define HAVE_FLOOR 1
#define HAVE_GETTIMEOFDAY 1
#define HAVE_MEMSET 1
#define HAVE_POW 1
#define HAVE_SQRT 1
#define HAVE_STRSTR 1

configure: exit 0
